<?xml version="1.0" encoding="UTF-8"?>
<testsuite name="WarTest" tests="2" skipped="0" failures="0" errors="0" timestamp="2021-12-14T09:12:51" hostname="DESKTOP-9F811CO" time="0.016">
  <properties/>
  <testcase name="warOfNumbersOdd()" classname="WarTest" time="0.014"/>
  <testcase name="warOfNumbersEven()" classname="WarTest" time="0.001"/>
  <system-out><![CDATA[]]></system-out>
  <system-err><![CDATA[]]></system-err>
</testsuite>
