<?xml version="1.0" encoding="UTF-8"?>
<testsuite name="SpacerTest" tests="3" skipped="0" failures="0" errors="0" timestamp="2021-12-14T09:58:16" hostname="DESKTOP-9F811CO" time="0.02">
  <properties/>
  <testcase name="capSpaceTest1()" classname="SpacerTest" time="0.018"/>
  <testcase name="capSpaceTest2()" classname="SpacerTest" time="0.001"/>
  <testcase name="capSpaceTest3()" classname="SpacerTest" time="0.001"/>
  <system-out><![CDATA[]]></system-out>
  <system-err><![CDATA[]]></system-err>
</testsuite>
