<?xml version="1.0" encoding="UTF-8"?>
<testsuite name="LongestWordTest" tests="1" skipped="0" failures="0" errors="0" timestamp="2021-12-07T10:15:58" hostname="DESKTOP-9F811CO" time="0.021">
  <properties/>
  <testcase name="longestWordTest()" classname="LongestWordTest" time="0.021"/>
  <system-out><![CDATA[]]></system-out>
  <system-err><![CDATA[]]></system-err>
</testsuite>
