<?xml version="1.0" encoding="UTF-8"?>
<testsuite name="BombFinderTest" tests="10" skipped="0" failures="0" errors="0" timestamp="2021-12-08T09:10:55" hostname="DESKTOP-9F811CO" time="0.043">
  <properties/>
  <testcase name="[1] There is a bomb." classname="BombFinderTest" time="0.027"/>
  <testcase name="[2] Hey, did you think there is a BOMB?" classname="BombFinderTest" time="0.0"/>
  <testcase name="[3] There is a bomb" classname="BombFinderTest" time="0.001"/>
  <testcase name="[4] What ?bOmb?" classname="BombFinderTest" time="0.001"/>
  <testcase name="[1] This goes boom!!!" classname="BombFinderTest" time="0.001"/>
  <testcase name="[2] BigBang was just the beginning" classname="BombFinderTest" time="0.0"/>
  <testcase name="[3] Black hand called, it's gonna explode" classname="BombFinderTest" time="0.001"/>
  <testcase name="[4] B0mb" classname="BombFinderTest" time="0.0"/>
  <testcase name="[5] " classname="BombFinderTest" time="0.001"/>
  <testcase name="[6] What wbomb?" classname="BombFinderTest" time="0.0"/>
  <system-out><![CDATA[]]></system-out>
  <system-err><![CDATA[]]></system-err>
</testsuite>
