<?xml version="1.0" encoding="UTF-8"?>
<testsuite name="NumberOfTrueTest" tests="3" skipped="0" failures="0" errors="0" timestamp="2021-12-07T12:26:40" hostname="DESKTOP-9F811CO" time="0.018">
  <properties/>
  <testcase name="numberOfTrueTest1true()" classname="NumberOfTrueTest" time="0.015"/>
  <testcase name="numberOfTrueTest3true()" classname="NumberOfTrueTest" time="0.001"/>
  <testcase name="numberOfTrueTestEmpty()" classname="NumberOfTrueTest" time="0.0"/>
  <system-out><![CDATA[]]></system-out>
  <system-err><![CDATA[]]></system-err>
</testsuite>
